Build started 09.05.2015 3:33:42.
     1>Project "g:\Учебные материалы\СПО ВМ\Курсовая работа\kursach\kursach\kursach.vcxproj" on node 2 (build target(s)).
     1>InitializeBuildStatus:
         Creating "Release\kursach.unsuccessfulbuild" because "AlwaysCreate" was specified.
       ClCompile:
         C:\Program Files (x86)\Microsoft Visual Studio 10.0\VC\bin\CL.exe /c /Zi /nologo /W3 /WX- /O2 /Oi /Oy- /GL /D WIN32 /D NDEBUG /D _CONSOLE /D _UNICODE /D UNICODE /Gm- /EHsc /MD /GS /Gy /fp:precise /Zc:wchar_t /Zc:forScope /Fo"Release\\" /Fd"Release\vc100.pdb" /Gd /TP /analyze- /errorReport:prompt main.cpp
         main.cpp
     1>g:\учебные материалы\спо вм\курсовая работа\kursach\kursach\AbstractDataTree.h(55): warning C4996: 'strcpy': This function or variable may be unsafe. Consider using strcpy_s instead. To disable deprecation, use _CRT_SECURE_NO_WARNINGS. See online help for details.
                 C:\Program Files (x86)\Microsoft Visual Studio 10.0\VC\include\string.h(105) : see declaration of 'strcpy'
     1>g:\учебные материалы\спо вм\курсовая работа\kursach\kursach\AbstractDataTree.h(62): warning C4996: 'strcpy': This function or variable may be unsafe. Consider using strcpy_s instead. To disable deprecation, use _CRT_SECURE_NO_WARNINGS. See online help for details.
                 C:\Program Files (x86)\Microsoft Visual Studio 10.0\VC\include\string.h(105) : see declaration of 'strcpy'
     1>g:\учебные материалы\спо вм\курсовая работа\kursach\kursach\AbstractDataTree.h(92): warning C4996: 'strcpy': This function or variable may be unsafe. Consider using strcpy_s instead. To disable deprecation, use _CRT_SECURE_NO_WARNINGS. See online help for details.
                 C:\Program Files (x86)\Microsoft Visual Studio 10.0\VC\include\string.h(105) : see declaration of 'strcpy'
     1>g:\учебные материалы\спо вм\курсовая работа\kursach\kursach\AbstractDataTree.h(116): warning C4996: 'strcpy': This function or variable may be unsafe. Consider using strcpy_s instead. To disable deprecation, use _CRT_SECURE_NO_WARNINGS. See online help for details.
                 C:\Program Files (x86)\Microsoft Visual Studio 10.0\VC\include\string.h(105) : see declaration of 'strcpy'
       Link:
         C:\Program Files (x86)\Microsoft Visual Studio 10.0\VC\bin\link.exe /ERRORREPORT:PROMPT /OUT:"G:\Учебные материалы\СПО ВМ\Курсовая работа\kursach\Release\kursach.exe" /INCREMENTAL:NO /NOLOGO kernel32.lib user32.lib gdi32.lib winspool.lib comdlg32.lib advapi32.lib shell32.lib ole32.lib oleaut32.lib uuid.lib odbc32.lib odbccp32.lib /MANIFEST /ManifestFile:"Release\kursach.exe.intermediate.manifest" /MANIFESTUAC:"level='asInvoker' uiAccess='false'" /DEBUG /PDB:"G:\Учебные материалы\СПО ВМ\Курсовая работа\kursach\Release\kursach.pdb" /SUBSYSTEM:CONSOLE /OPT:REF /OPT:ICF /LTCG /TLBID:1 /DYNAMICBASE /NXCOMPAT /IMPLIB:"G:\Учебные материалы\СПО ВМ\Курсовая работа\kursach\Release\kursach.lib" /MACHINE:X86 Release\main.obj
         Release\Optimazer.obj
         Generating code
         Finished generating code
         kursach.vcxproj -> G:\Учебные материалы\СПО ВМ\Курсовая работа\kursach\Release\kursach.exe
       Manifest:
         C:\Program Files (x86)\Microsoft SDKs\Windows\v7.0A\bin\mt.exe /nologo /verbose /outputresource:"G:\Учебные материалы\СПО ВМ\Курсовая работа\kursach\Release\kursach.exe;#1" /manifest Release\kursach.exe.intermediate.manifest
       FinalizeBuildStatus:
         Deleting file "Release\kursach.unsuccessfulbuild".
         Touching "Release\kursach.lastbuildstate".
     1>Done Building Project "g:\Учебные материалы\СПО ВМ\Курсовая работа\kursach\kursach\kursach.vcxproj" (build target(s)).

Build succeeded.

Time Elapsed 00:00:01.17
